#
# There is insufficient memory for the Java Runtime Environment to continue.
# Native memory allocation (mmap) failed to map 262144 bytes for committing reserved memory.
# Possible reasons:
#   The system is out of physical RAM or swap space
#   The process is running with CompressedOops enabled, and the Java Heap may be blocking the growth of the native heap
# Possible solutions:
#   Reduce memory load on the system
#   Increase physical memory or swap space
#   Check if swap backing store is full
#   Decrease Java heap size (-Xmx/-Xms)
#   Decrease number of Java threads
#   Decrease Java thread stack sizes (-Xss)
#   Set larger code cache with -XX:ReservedCodeCacheSize=
#   JVM is running with Unscaled Compressed Oops mode in which the Java heap is
#     placed in the first 4GB address space. The Java Heap base address is the
#     maximum limit for the native heap growth. Please use -XX:HeapBaseMinAddress
#     to set the Java Heap base and to place the Java Heap above 4GB virtual address.
# This output file may be truncated or incomplete.
#
#  Out of Memory Error (os_linux.cpp:2886), pid=10989, tid=12148
#
# JRE version: OpenJDK Runtime Environment (11.0.8+10) (build 11.0.8+10-post-Ubuntu-0ubuntu118.04.1)
# Java VM: OpenJDK 64-Bit Server VM (11.0.8+10-post-Ubuntu-0ubuntu118.04.1, mixed mode, sharing, tiered, compressed oops, serial gc, linux-amd64)
# Core dump will be written. Default location: Core dumps may be processed with "/usr/share/apport/apport %p %s %c %d %P %E" (or dumping to /media/dcl/project1/tools/core.10989)
#

---------------  S U M M A R Y ------------

Command Line: /media/dcl/project1/321364/bin/da_proc.jar --id 24 --hosts ../logs/hosts --output /media/dcl/project1/logs/proc24.output ../logs/config

Host: Intel(R) Core(TM) i7-8750H CPU @ 2.20GHz, 2 cores, 984M, Ubuntu 18.04.5 LTS
Time: Thu Oct 21 18:42:41 2021 CEST elapsed time: 344 seconds (0d 0h 5m 44s)

---------------  T H R E A D  ---------------

Current thread (0x00007f2eb0001800):  JavaThread "pool-4-thread-1" [_thread_in_vm, id=12148, stack(0x00007f2ec3afa000,0x00007f2ec3bfb000)]

Stack: [0x00007f2ec3afa000,0x00007f2ec3bfb000],  sp=0x00007f2ec3bf7750,  free space=1013k
Native frames: (J=compiled Java code, A=aot compiled Java code, j=interpreted, Vv=VM code, C=native code)
V  [libjvm.so+0xdf8919]
V  [libjvm.so+0xdf95ab]
V  [libjvm.so+0x651835]
V  [libjvm.so+0xbd0542]
V  [libjvm.so+0xbc77ff]
V  [libjvm.so+0xdf0037]
V  [libjvm.so+0xdeec4f]
V  [libjvm.so+0xdede5a]
V  [libjvm.so+0xb392c8]
V  [libjvm.so+0x59a36f]
V  [libjvm.so+0xb3b1b5]
V  [libjvm.so+0x640ccf]
V  [libjvm.so+0x58c9aa]
V  [libjvm.so+0x58dad1]
V  [libjvm.so+0xa05ce5]
V  [libjvm.so+0xd4ca78]
V  [libjvm.so+0xdba393]
j  jdk.internal.misc.Unsafe.defineAnonymousClass0(Ljava/lang/Class;[B[Ljava/lang/Object;)Ljava/lang/Class;+0 java.base@11.0.8
j  jdk.internal.misc.Unsafe.defineAnonymousClass(Ljava/lang/Class;[B[Ljava/lang/Object;)Ljava/lang/Class;+42 java.base@11.0.8
j  java.lang.invoke.InvokerBytecodeGenerator.loadAndInitializeInvokerClass([B[Ljava/lang/Object;)Ljava/lang/Class;+8 java.base@11.0.8
j  java.lang.invoke.InvokerBytecodeGenerator.loadMethod([B)Ljava/lang/invoke/MemberName;+6 java.base@11.0.8
j  java.lang.invoke.InvokerBytecodeGenerator.generateCustomizedCode(Ljava/lang/invoke/LambdaForm;Ljava/lang/invoke/MethodType;)Ljava/lang/invoke/MemberName;+29 java.base@11.0.8
j  java.lang.invoke.LambdaForm.compileToBytecode()V+69 java.base@11.0.8
j  java.lang.invoke.LambdaForm.prepare()V+21 java.base@11.0.8
j  java.lang.invoke.MethodHandle.<init>(Ljava/lang/invoke/MethodType;Ljava/lang/invoke/LambdaForm;)V+33 java.base@11.0.8
j  java.lang.invoke.BoundMethodHandle.<init>(Ljava/lang/invoke/MethodType;Ljava/lang/invoke/LambdaForm;)V+3 java.base@11.0.8
j  java.lang.invoke.BoundMethodHandle$Species_LLL.<init>(Ljava/lang/invoke/MethodType;Ljava/lang/invoke/LambdaForm;Ljava/lang/Object;Ljava/lang/Object;Ljava/lang/Object;)V+3 java.base@11.0.8
j  java.lang.invoke.BoundMethodHandle$Species_LLL.make(Ljava/lang/invoke/MethodType;Ljava/lang/invoke/LambdaForm;Ljava/lang/Object;Ljava/lang/Object;Ljava/lang/Object;)Ljava/lang/invoke/BoundMethodHandle;+10 java.base@11.0.8
j  java.lang.invoke.DirectMethodHandle$Holder.invokeStatic(Ljava/lang/Object;Ljava/lang/Object;Ljava/lang/Object;Ljava/lang/Object;Ljava/lang/Object;Ljava/lang/Object;)Ljava/lang/Object;+18 java.base@11.0.8
j  java.lang.invoke.BoundMethodHandle$Species_LL.copyWithExtendL(Ljava/lang/invoke/MethodType;Ljava/lang/invoke/LambdaForm;Ljava/lang/Object;)Ljava/lang/invoke/BoundMethodHandle;+18 java.base@11.0.8
j  java.lang.invoke.MethodHandles.foldArguments(Ljava/lang/invoke/MethodHandle;ILjava/lang/invoke/MethodHandle;[I)Ljava/lang/invoke/MethodHandle;+92 java.base@11.0.8
j  java.lang.invoke.StringConcatFactory$MethodHandleInlineCopyStrategy.generate(Ljava/lang/invoke/MethodType;Ljava/lang/invoke/StringConcatFactory$Recipe;)Ljava/lang/invoke/MethodHandle;+250 java.base@11.0.8
j  java.lang.invoke.StringConcatFactory.generate(Ljava/lang/invoke/MethodHandles$Lookup;Ljava/lang/String;Ljava/lang/invoke/MethodType;Ljava/lang/invoke/StringConcatFactory$Recipe;)Ljava/lang/invoke/MethodHandle;+101 java.base@11.0.8
j  java.lang.invoke.StringConcatFactory.doStringConcat(Ljava/lang/invoke/MethodHandles$Lookup;Ljava/lang/String;Ljava/lang/invoke/MethodType;ZLjava/lang/String;[Ljava/lang/Object;)Ljava/lang/invoke/CallSite;+507 java.base@11.0.8
j  java.lang.invoke.StringConcatFactory.makeConcatWithConstants(Ljava/lang/invoke/MethodHandles$Lookup;Ljava/lang/String;Ljava/lang/invoke/MethodType;Ljava/lang/String;[Ljava/lang/Object;)Ljava/lang/invoke/CallSite;+71 java.base@11.0.8
j  java.lang.invoke.DirectMethodHandle$Holder.invokeStatic(Ljava/lang/Object;Ljava/lang/Object;Ljava/lang/Object;Ljava/lang/Object;Ljava/lang/Object;Ljava/lang/Object;)Ljava/lang/Object;+18 java.base@11.0.8
j  java.lang.invoke.DelegatingMethodHandle$Holder.delegate(Ljava/lang/Object;Ljava/lang/Object;Ljava/lang/Object;Ljava/lang/Object;Ljava/lang/Object;Ljava/lang/Object;)Ljava/lang/Object;+21 java.base@11.0.8
j  java.lang.invoke.Invokers$Holder.invokeExact_MT(Ljava/lang/Object;Ljava/lang/Object;Ljava/lang/Object;Ljava/lang/Object;Ljava/lang/Object;Ljava/lang/Object;Ljava/lang/Object;)Ljava/lang/Object;+26 java.base@11.0.8
j  java.lang.invoke.BootstrapMethodInvoker.invoke(Ljava/lang/Class;Ljava/lang/invoke/MethodHandle;Ljava/lang/String;Ljava/lang/Object;Ljava/lang/Object;Ljava/lang/Class;)Ljava/lang/Object;+134 java.base@11.0.8
j  java.lang.invoke.CallSite.makeSite(Ljava/lang/invoke/MethodHandle;Ljava/lang/String;Ljava/lang/invoke/MethodType;Ljava/lang/Object;Ljava/lang/Class;)Ljava/lang/invoke/CallSite;+8 java.base@11.0.8
j  java.lang.invoke.MethodHandleNatives.linkCallSiteImpl(Ljava/lang/Class;Ljava/lang/invoke/MethodHandle;Ljava/lang/String;Ljava/lang/invoke/MethodType;Ljava/lang/Object;[Ljava/lang/Object;)Ljava/lang/invoke/MemberName;+6 java.base@11.0.8
j  java.lang.invoke.MethodHandleNatives.linkCallSite(Ljava/lang/Object;ILjava/lang/Object;Ljava/lang/Object;Ljava/lang/Object;Ljava/lang/Object;[Ljava/lang/Object;)Ljava/lang/invoke/MemberName;+46 java.base@11.0.8
v  ~StubRoutines::call_stub
V  [libjvm.so+0x84eb09]
V  [libjvm.so+0x84d8f5]
V  [libjvm.so+0xd4bf69]
V  [libjvm.so+0xa313af]
V  [libjvm.so+0xa31764]
V  [libjvm.so+0xa3c666]
V  [libjvm.so+0x844cd8]
V  [libjvm.so+0x84501d]
j  cs451.models.Sender.checkAck([B)Z+22
j  cs451.models.Sender.run()V+111
j  java.util.concurrent.ThreadPoolExecutor.runWorker(Ljava/util/concurrent/ThreadPoolExecutor$Worker;)V+92 java.base@11.0.8
j  java.util.concurrent.ThreadPoolExecutor$Worker.run()V+5 java.base@11.0.8
j  java.lang.Thread.run()V+11 java.base@11.0.8
v  ~StubRoutines::call_stub
V  [libjvm.so+0x84eb09]
V  [libjvm.so+0x84cc4d]
V  [libjvm.so+0x8f6c9c]
V  [libjvm.so+0xd8996f]
V  [libjvm.so+0xd860bf]
V  [libjvm.so+0xbd632e]

Java frames: (J=compiled Java code, j=interpreted, Vv=VM code)
j  jdk.internal.misc.Unsafe.defineAnonymousClass0(Ljava/lang/Class;[B[Ljava/lang/Object;)Ljava/lang/Class;+0 java.base@11.0.8
j  jdk.internal.misc.Unsafe.defineAnonymousClass(Ljava/lang/Class;[B[Ljava/lang/Object;)Ljava/lang/Class;+42 java.base@11.0.8
j  java.lang.invoke.InvokerBytecodeGenerator.loadAndInitializeInvokerClass([B[Ljava/lang/Object;)Ljava/lang/Class;+8 java.base@11.0.8
j  java.lang.invoke.InvokerBytecodeGenerator.loadMethod([B)Ljava/lang/invoke/MemberName;+6 java.base@11.0.8
j  java.lang.invoke.InvokerBytecodeGenerator.generateCustomizedCode(Ljava/lang/invoke/LambdaForm;Ljava/lang/invoke/MethodType;)Ljava/lang/invoke/MemberName;+29 java.base@11.0.8
j  java.lang.invoke.LambdaForm.compileToBytecode()V+69 java.base@11.0.8
j  java.lang.invoke.LambdaForm.prepare()V+21 java.base@11.0.8
j  java.lang.invoke.MethodHandle.<init>(Ljava/lang/invoke/MethodType;Ljava/lang/invoke/LambdaForm;)V+33 java.base@11.0.8
j  java.lang.invoke.BoundMethodHandle.<init>(Ljava/lang/invoke/MethodType;Ljava/lang/invoke/LambdaForm;)V+3 java.base@11.0.8
j  java.lang.invoke.BoundMethodHandle$Species_LLL.<init>(Ljava/lang/invoke/MethodType;Ljava/lang/invoke/LambdaForm;Ljava/lang/Object;Ljava/lang/Object;Ljava/lang/Object;)V+3 java.base@11.0.8
j  java.lang.invoke.BoundMethodHandle$Species_LLL.make(Ljava/lang/invoke/MethodType;Ljava/lang/invoke/LambdaForm;Ljava/lang/Object;Ljava/lang/Object;Ljava/lang/Object;)Ljava/lang/invoke/BoundMethodHandle;+10 java.base@11.0.8
j  java.lang.invoke.DirectMethodHandle$Holder.invokeStatic(Ljava/lang/Object;Ljava/lang/Object;Ljava/lang/Object;Ljava/lang/Object;Ljava/lang/Object;Ljava/lang/Object;)Ljava/lang/Object;+18 java.base@11.0.8
j  java.lang.invoke.BoundMethodHandle$Species_LL.copyWithExtendL(Ljava/lang/invoke/MethodType;Ljava/lang/invoke/LambdaForm;Ljava/lang/Object;)Ljava/lang/invoke/BoundMethodHandle;+18 java.base@11.0.8
j  java.lang.invoke.MethodHandles.foldArguments(Ljava/lang/invoke/MethodHandle;ILjava/lang/invoke/MethodHandle;[I)Ljava/lang/invoke/MethodHandle;+92 java.base@11.0.8
j  java.lang.invoke.StringConcatFactory$MethodHandleInlineCopyStrategy.generate(Ljava/lang/invoke/MethodType;Ljava/lang/invoke/StringConcatFactory$Recipe;)Ljava/lang/invoke/MethodHandle;+250 java.base@11.0.8
j  java.lang.invoke.StringConcatFactory.generate(Ljava/lang/invoke/MethodHandles$Lookup;Ljava/lang/String;Ljava/lang/invoke/MethodType;Ljava/lang/invoke/StringConcatFactory$Recipe;)Ljava/lang/invoke/MethodHandle;+101 java.base@11.0.8
j  java.lang.invoke.StringConcatFactory.doStringConcat(Ljava/lang/invoke/MethodHandles$Lookup;Ljava/lang/String;Ljava/lang/invoke/MethodType;ZLjava/lang/String;[Ljava/lang/Object;)Ljava/lang/invoke/CallSite;+507 java.base@11.0.8
j  java.lang.invoke.StringConcatFactory.makeConcatWithConstants(Ljava/lang/invoke/MethodHandles$Lookup;Ljava/lang/String;Ljava/lang/invoke/MethodType;Ljava/lang/String;[Ljava/lang/Object;)Ljava/lang/invoke/CallSite;+71 java.base@11.0.8
j  java.lang.invoke.DirectMethodHandle$Holder.invokeStatic(Ljava/lang/Object;Ljava/lang/Object;Ljava/lang/Object;Ljava/lang/Object;Ljava/lang/Object;Ljava/lang/Object;)Ljava/lang/Object;+18 java.base@11.0.8
j  java.lang.invoke.DelegatingMethodHandle$Holder.delegate(Ljava/lang/Object;Ljava/lang/Object;Ljava/lang/Object;Ljava/lang/Object;Ljava/lang/Object;Ljava/lang/Object;)Ljava/lang/Object;+21 java.base@11.0.8
j  java.lang.invoke.Invokers$Holder.invokeExact_MT(Ljava/lang/Object;Ljava/lang/Object;Ljava/lang/Object;Ljava/lang/Object;Ljava/lang/Object;Ljava/lang/Object;Ljava/lang/Object;)Ljava/lang/Object;+26 java.base@11.0.8
j  java.lang.invoke.BootstrapMethodInvoker.invoke(Ljava/lang/Class;Ljava/lang/invoke/MethodHandle;Ljava/lang/String;Ljava/lang/Object;Ljava/lang/Object;Ljava/lang/Class;)Ljava/lang/Object;+134 java.base@11.0.8
j  java.lang.invoke.CallSite.makeSite(Ljava/lang/invoke/MethodHandle;Ljava/lang/String;Ljava/lang/invoke/MethodType;Ljava/lang/Object;Ljava/lang/Class;)Ljava/lang/invoke/CallSite;+8 java.base@11.0.8
j  java.lang.invoke.MethodHandleNatives.linkCallSiteImpl(Ljava/lang/Class;Ljava/lang/invoke/MethodHandle;Ljava/lang/String;Ljava/lang/invoke/MethodType;Ljava/lang/Object;[Ljava/lang/Object;)Ljava/lang/invoke/MemberName;+6 java.base@11.0.8
j  java.lang.invoke.MethodHandleNatives.linkCallSite(Ljava/lang/Object;ILjava/lang/Object;Ljava/lang/Object;Ljava/lang/Object;Ljava/lang/Object;[Ljava/lang/Object;)Ljava/lang/invoke/MemberName;+46 java.base@11.0.8
v  ~StubRoutines::call_stub
j  cs451.models.Sender.checkAck([B)Z+22
j  cs451.models.Sender.run()V+111
j  java.util.concurrent.ThreadPoolExecutor.runWorker(Ljava/util/concurrent/ThreadPoolExecutor$Worker;)V+92 java.base@11.0.8
j  java.util.concurrent.ThreadPoolExecutor$Worker.run()V+5 java.base@11.0.8
j  java.lang.Thread.run()V+11 java.base@11.0.8
v  ~StubRoutines::call_stub

---------------  P R O C E S S  ---------------

Threads class SMR info:
_java_thread_list=0x00007f2ed4002b20, length=13, elements={
0x00007f2f00016000, 0x00007f2f000b8800, 0x00007f2f000ba800, 0x00007f2f000c1800,
0x00007f2f000c3800, 0x00007f2f000c6000, 0x00007f2f000c8000, 0x00007f2f00103000,
0x00007f2f00108000, 0x00007f2f00195800, 0x00007f2f001a2800, 0x00007f2eb0001800,
0x00007f2ed4001000
}

Java Threads: ( => current thread )
  0x00007f2f00016000 JavaThread "main" [_thread_blocked, id=11024, stack(0x00007f2f09157000,0x00007f2f09258000)]
  0x00007f2f000b8800 JavaThread "Reference Handler" daemon [_thread_blocked, id=11093, stack(0x00007f2f04756000,0x00007f2f04857000)]
  0x00007f2f000ba800 JavaThread "Finalizer" daemon [_thread_blocked, id=11099, stack(0x00007f2f04655000,0x00007f2f04756000)]
  0x00007f2f000c1800 JavaThread "Signal Dispatcher" daemon [_thread_blocked, id=11112, stack(0x00007f2f04224000,0x00007f2f04325000)]
  0x00007f2f000c3800 JavaThread "C2 CompilerThread0" daemon [_thread_blocked, id=11125, stack(0x00007f2f04123000,0x00007f2f04224000)]
  0x00007f2f000c6000 JavaThread "C1 CompilerThread0" daemon [_thread_blocked, id=11136, stack(0x00007f2f04022000,0x00007f2f04123000)]
  0x00007f2f000c8000 JavaThread "Sweeper thread" daemon [_thread_blocked, id=11147, stack(0x00007f2ee8801000,0x00007f2ee8902000)]
  0x00007f2f00103000 JavaThread "Service Thread" daemon [_thread_blocked, id=11211, stack(0x00007f2ee8700000,0x00007f2ee8801000)]
  0x00007f2f00108000 JavaThread "Common-Cleaner" daemon [_thread_blocked, id=11222, stack(0x00007f2ee84fd000,0x00007f2ee85fe000)]
  0x00007f2f00195800 JavaThread "pool-2-thread-1" [_thread_in_native, id=11787, stack(0x00007f2ec3eff000,0x00007f2ec4000000)]
  0x00007f2f001a2800 JavaThread "pool-3-thread-1" [_thread_blocked, id=12010, stack(0x00007f2ec3bfb000,0x00007f2ec3cfc000)]
=>0x00007f2eb0001800 JavaThread "pool-4-thread-1" [_thread_in_vm, id=12148, stack(0x00007f2ec3afa000,0x00007f2ec3bfb000)]
  0x00007f2ed4001000 JavaThread "SIGHUP handler" daemon [_thread_blocked, id=12944, stack(0x00007f2ec39f9000,0x00007f2ec3afa000)]

Other Threads:
  0x00007f2f000b5800 VMThread "VM Thread" [stack: 0x00007f2f04859000,0x00007f2f04959000] [id=11085]
  0x00007f2f00105000 WatcherThread [stack: 0x00007f2ee8600000,0x00007f2ee8700000] [id=11217]

Threads with active compile tasks:
C1 CompilerThread0 348890  613       3       jdk.internal.org.objectweb.asm.Type::getArgumentTypes (131 bytes)

VM state:synchronizing (normal execution)

VM Mutex/Monitor currently owned by a thread:  ([mutex/lock_event])
[0x00007f2f00011870] MetaspaceExpand_lock - owner thread: 0x00007f2eb0001800
[0x00007f2f000124d0] Threads_lock - owner thread: 0x00007f2f000b5800

Heap address: 0x00000000f0800000, size: 248 MB, Compressed Oops mode: 32-bit
Narrow klass base: 0x0000000800000000, Narrow klass shift: 3
Compressed class space size: 1073741824 Address: 0x0000000840000000

Heap:
 def new generation   total 4928K, used 648K [0x00000000f0800000, 0x00000000f0d50000, 0x00000000f5aa0000)
  eden space 4416K,   3% used [0x00000000f0800000, 0x00000000f08221f0, 0x00000000f0c50000)
  from space 512K, 100% used [0x00000000f0cd0000, 0x00000000f0d50000, 0x00000000f0d50000)
  to   space 512K,   0% used [0x00000000f0c50000, 0x00000000f0c50000, 0x00000000f0cd0000)
 tenured generation   total 10944K, used 618K [0x00000000f5aa0000, 0x00000000f6550000, 0x0000000100000000)
   the space 10944K,   5% used [0x00000000f5aa0000, 0x00000000f5b3aa90, 0x00000000f5b3ac00, 0x00000000f6550000)
 Metaspace       used 1564K, capacity 4882K, committed 4992K, reserved 1056768K
  class space    used 163K, capacity 530K, committed 640K, reserved 1048576K

Card table byte_map: [0x00007f2f090ce000,0x00007f2f0914b000] _byte_map_base: 0x00007f2f0894a000

Polling page: 0x00007f2f0926c000

Metaspace:

Usage:
  Non-class:      4.25 MB capacity,     1.37 MB ( 32%) used,     2.87 MB ( 68%) free+waste,    11.38 KB ( <1%) overhead. 
      Class:    530.00 KB capacity,   163.14 KB ( 31%) used,   359.86 KB ( 68%) free+waste,     7.00 KB (  1%) overhead. 
       Both:      4.77 MB capacity,     1.53 MB ( 32%) used,     3.22 MB ( 68%) free+waste,    18.38 KB ( <1%) overhead. 

Virtual space:
  Non-class space:        8.00 MB reserved,       4.25 MB ( 53%) committed 
      Class space:        1.00 GB reserved,     640.00 KB ( <1%) committed 
             Both:        1.01 GB reserved,       4.88 MB ( <1%) committed 

Chunk freelists:
   Non-Class:  0 bytes
       Class:  0 bytes
        Both:  0 bytes

MaxMetaspaceSize: unlimited
CompressedClassSpaceSize: 1.00 GB

CodeHeap 'non-profiled nmethods': size=120036Kb used=141Kb max_used=141Kb free=119894Kb
 bounds [0x00007f2ef03c9000, 0x00007f2ef0639000, 0x00007f2ef7902000]
CodeHeap 'profiled nmethods': size=120032Kb used=917Kb max_used=917Kb free=119114Kb
 bounds [0x00007f2ee8e91000, 0x00007f2ee9101000, 0x00007f2ef03c9000]
CodeHeap 'non-nmethods': size=5692Kb used=1062Kb max_used=1075Kb free=4629Kb
 bounds [0x00007f2ee8902000, 0x00007f2ee8b72000, 0x00007f2ee8e91000]
 total_blobs=959 nmethods=588 adapters=286
 compilation: enabled
              stopped_count=0, restarted_count=0
 full_count=0

Compilation events (20 events):
Event: 155.562 Thread 0x00007f2f000c6000 nmethod 602 0x00007f2ee8f71f90 code [0x00007f2ee8f72160, 0x00007f2ee8f72340]
Event: 155.562 Thread 0x00007f2f000c6000  603       3       java.nio.HeapByteBuffer::byteOffset (7 bytes)
Event: 155.562 Thread 0x00007f2f000c6000 nmethod 603 0x00007f2ee8f72410 code [0x00007f2ee8f725c0, 0x00007f2ee8f726d0]
Event: 155.562 Thread 0x00007f2f000c6000  604       3       jdk.internal.misc.Unsafe::putIntUnaligned (14 bytes)
Event: 155.565 Thread 0x00007f2f000c6000 nmethod 604 0x00007f2ee8f72790 code [0x00007f2ee8f72940, 0x00007f2ee8f72b90]
Event: 155.565 Thread 0x00007f2f000c6000  605       3       jdk.internal.misc.Unsafe::convEndian (16 bytes)
Event: 155.565 Thread 0x00007f2f000c6000 nmethod 605 0x00007f2ee8f72c90 code [0x00007f2ee8f72e40, 0x00007f2ee8f72ff0]
Event: 155.565 Thread 0x00007f2f000c6000  606       3       java.util.concurrent.locks.AbstractQueuedSynchronizer::isOnSyncQueue (33 bytes)
Event: 155.565 Thread 0x00007f2f000c6000 nmethod 606 0x00007f2ee8f73090 code [0x00007f2ee8f73260, 0x00007f2ee8f735b0]
Event: 161.581 Thread 0x00007f2f000c6000  607       3       java.lang.ref.PhantomReference::<init> (7 bytes)
Event: 161.587 Thread 0x00007f2f000c6000 nmethod 607 0x00007f2ee8f73710 code [0x00007f2ee8f738e0, 0x00007f2ee8f73b50]
Event: 162.082 Thread 0x00007f2f000c6000  608       3       jdk.internal.ref.PhantomCleanable::<init> (49 bytes)
Event: 162.098 Thread 0x00007f2f000c6000 nmethod 608 0x00007f2ee8f73c10 code [0x00007f2ee8f73e60, 0x00007f2ee8f74870]
Event: 162.098 Thread 0x00007f2f000c6000  609   !   3       jdk.internal.ref.PhantomCleanable::insert (53 bytes)
Event: 162.100 Thread 0x00007f2f000c6000 nmethod 609 0x00007f2ee8f74b90 code [0x00007f2ee8f74d40, 0x00007f2ee8f75090]
Event: 162.583 Thread 0x00007f2f000c6000  610       3       jdk.internal.ref.CleanerFactory::cleaner (4 bytes)
Event: 162.584 Thread 0x00007f2f000c6000 nmethod 610 0x00007f2ee8f75210 code [0x00007f2ee8f753c0, 0x00007f2ee8f754b0]
Event: 193.575 Thread 0x00007f2f000c6000  611       3       java.lang.invoke.LambdaForm::returnType (26 bytes)
Event: 198.738 Thread 0x00007f2f000c6000 nmethod 611 0x00007f2ee8f75510 code [0x00007f2ee8f756c0, 0x00007f2ee8f75850]
Event: 202.720 Thread 0x00007f2f000c6000  612       3       jdk.internal.org.objectweb.asm.MethodWriter::visitFrame (233 bytes)

GC Heap History (2 events):
Event: 202.723 GC heap before
{Heap before GC invocations=0 (full 0):
 def new generation   total 4928K, used 4416K [0x00000000f0800000, 0x00000000f0d50000, 0x00000000f5aa0000)
  eden space 4416K, 100% used [0x00000000f0800000, 0x00000000f0c50000, 0x00000000f0c50000)
  from space 512K,   0% used [0x00000000f0c50000, 0x00000000f0c50000, 0x00000000f0cd0000)
  to   space 512K,   0% used [0x00000000f0cd0000, 0x00000000f0cd0000, 0x00000000f0d50000)
 tenured generation   total 10944K, used 0K [0x00000000f5aa0000, 0x00000000f6550000, 0x0000000100000000)
   the space 10944K,   0% used [0x00000000f5aa0000, 0x00000000f5aa0000, 0x00000000f5aa0200, 0x00000000f6550000)
 Metaspace       used 1559K, capacity 4882K, committed 4992K, reserved 1056768K
  class space    used 162K, capacity 530K, committed 640K, reserved 1048576K
}
Event: 248.309 GC heap after
{Heap after GC invocations=1 (full 0):
 def new generation   total 4928K, used 512K [0x00000000f0800000, 0x00000000f0d50000, 0x00000000f5aa0000)
  eden space 4416K,   0% used [0x00000000f0800000, 0x00000000f0800000, 0x00000000f0c50000)
  from space 512K, 100% used [0x00000000f0cd0000, 0x00000000f0d50000, 0x00000000f0d50000)
  to   space 512K,   0% used [0x00000000f0c50000, 0x00000000f0c50000, 0x00000000f0cd0000)
 tenured generation   total 10944K, used 618K [0x00000000f5aa0000, 0x00000000f6550000, 0x0000000100000000)
   the space 10944K,   5% used [0x00000000f5aa0000, 0x00000000f5b3aa90, 0x00000000f5b3ac00, 0x00000000f6550000)
 Metaspace       used 1559K, capacity 4882K, committed 4992K, reserved 1056768K
  class space    used 162K, capacity 530K, committed 640K, reserved 1048576K
}

Deoptimization events (8 events):
Event: 1.044 Thread 0x00007f2f00016000 Uncommon trap: trap_request=0xffffff4d fr.pc=0x00007f2ef03cc3e0 relative=0x00000000000001c0
Event: 1.044 Thread 0x00007f2f00016000 Uncommon trap: reason=unstable_if action=reinterpret pc=0x00007f2ef03cc3e0 method=java.lang.String.hashCode()I @ 14 c2
Event: 1.044 Thread 0x00007f2f00016000 DEOPT PACKING pc=0x00007f2ef03cc3e0 sp=0x00007f2f092551b0
Event: 1.044 Thread 0x00007f2f00016000 DEOPT UNPACKING pc=0x00007f2ee8928125 sp=0x00007f2f09255168 mode 2
Event: 3.720 Thread 0x00007f2f00016000 DEOPT PACKING pc=0x00007f2ee8e9129f sp=0x00007f2f09255110
Event: 3.720 Thread 0x00007f2f00016000 DEOPT UNPACKING pc=0x00007f2ee8927f3a sp=0x00007f2f092545a8 mode 0
Event: 4.509 Thread 0x00007f2f00016000 DEOPT PACKING pc=0x00007f2ee8e9129f sp=0x00007f2f092552b0
Event: 4.509 Thread 0x00007f2f00016000 DEOPT UNPACKING pc=0x00007f2ee8927f3a sp=0x00007f2f09254748 mode 0

Classes redefined (0 events):
No events

Internal exceptions (20 events):
Event: 159.574 Thread 0x00007f2eb0001800 Exception <a 'java/net/SocketTimeoutException'{0x00000000f0c3c378}: Receive timed out> (0x00000000f0c3c378) thrown at [./src/hotspot/share/prims/jni.cpp, line 636]
Event: 160.077 Thread 0x00007f2eb0001800 Exception <a 'java/net/SocketTimeoutException'{0x00000000f0c3c938}: Receive timed out> (0x00000000f0c3c938) thrown at [./src/hotspot/share/prims/jni.cpp, line 636]
Event: 160.578 Thread 0x00007f2eb0001800 Exception <a 'java/net/SocketTimeoutException'{0x00000000f0c3cef8}: Receive timed out> (0x00000000f0c3cef8) thrown at [./src/hotspot/share/prims/jni.cpp, line 636]
Event: 161.079 Thread 0x00007f2eb0001800 Exception <a 'java/net/SocketTimeoutException'{0x00000000f0c3d4b8}: Receive timed out> (0x00000000f0c3d4b8) thrown at [./src/hotspot/share/prims/jni.cpp, line 636]
Event: 161.580 Thread 0x00007f2eb0001800 Exception <a 'java/net/SocketTimeoutException'{0x00000000f0c3da78}: Receive timed out> (0x00000000f0c3da78) thrown at [./src/hotspot/share/prims/jni.cpp, line 636]
Event: 162.081 Thread 0x00007f2eb0001800 Exception <a 'java/net/SocketTimeoutException'{0x00000000f0c3e038}: Receive timed out> (0x00000000f0c3e038) thrown at [./src/hotspot/share/prims/jni.cpp, line 636]
Event: 162.582 Thread 0x00007f2eb0001800 Exception <a 'java/net/SocketTimeoutException'{0x00000000f0c3e5f8}: Receive timed out> (0x00000000f0c3e5f8) thrown at [./src/hotspot/share/prims/jni.cpp, line 636]
Event: 163.087 Thread 0x00007f2eb0001800 Exception <a 'java/net/SocketTimeoutException'{0x00000000f0c3ebb8}: Receive timed out> (0x00000000f0c3ebb8) thrown at [./src/hotspot/share/prims/jni.cpp, line 636]
Event: 163.587 Thread 0x00007f2eb0001800 Exception <a 'java/net/SocketTimeoutException'{0x00000000f0c3f178}: Receive timed out> (0x00000000f0c3f178) thrown at [./src/hotspot/share/prims/jni.cpp, line 636]
Event: 164.088 Thread 0x00007f2eb0001800 Exception <a 'java/net/SocketTimeoutException'{0x00000000f0c3f738}: Receive timed out> (0x00000000f0c3f738) thrown at [./src/hotspot/share/prims/jni.cpp, line 636]
Event: 164.619 Thread 0x00007f2eb0001800 Exception <a 'java/net/SocketTimeoutException'{0x00000000f0c3fcf8}: Receive timed out> (0x00000000f0c3fcf8) thrown at [./src/hotspot/share/prims/jni.cpp, line 636]
Event: 165.122 Thread 0x00007f2eb0001800 Exception <a 'java/net/SocketTimeoutException'{0x00000000f0c402b8}: Receive timed out> (0x00000000f0c402b8) thrown at [./src/hotspot/share/prims/jni.cpp, line 636]
Event: 165.625 Thread 0x00007f2eb0001800 Exception <a 'java/net/SocketTimeoutException'{0x00000000f0c40878}: Receive timed out> (0x00000000f0c40878) thrown at [./src/hotspot/share/prims/jni.cpp, line 636]
Event: 166.126 Thread 0x00007f2eb0001800 Exception <a 'java/net/SocketTimeoutException'{0x00000000f0c40e38}: Receive timed out> (0x00000000f0c40e38) thrown at [./src/hotspot/share/prims/jni.cpp, line 636]
Event: 166.628 Thread 0x00007f2eb0001800 Exception <a 'java/net/SocketTimeoutException'{0x00000000f0c413f8}: Receive timed out> (0x00000000f0c413f8) thrown at [./src/hotspot/share/prims/jni.cpp, line 636]
Event: 167.128 Thread 0x00007f2eb0001800 Exception <a 'java/net/SocketTimeoutException'{0x00000000f0c419b8}: Receive timed out> (0x00000000f0c419b8) thrown at [./src/hotspot/share/prims/jni.cpp, line 636]
Event: 167.630 Thread 0x00007f2eb0001800 Exception <a 'java/net/SocketTimeoutException'{0x00000000f0c41f78}: Receive timed out> (0x00000000f0c41f78) thrown at [./src/hotspot/share/prims/jni.cpp, line 636]
Event: 168.132 Thread 0x00007f2eb0001800 Exception <a 'java/net/SocketTimeoutException'{0x00000000f0c42538}: Receive timed out> (0x00000000f0c42538) thrown at [./src/hotspot/share/prims/jni.cpp, line 636]
Event: 168.634 Thread 0x00007f2eb0001800 Exception <a 'java/net/SocketTimeoutException'{0x00000000f0c42af8}: Receive timed out> (0x00000000f0c42af8) thrown at [./src/hotspot/share/prims/jni.cpp, line 636]
Event: 169.136 Thread 0x00007f2eb0001800 Exception <a 'java/net/SocketTimeoutException'{0x00000000f0c430b8}: Receive timed out> (0x00000000f0c430b8) thrown at [./src/hotspot/share/prims/jni.cpp, line 636]

Events (20 events):
Event: 20.778 Executing VM operation: RevokeBias
Event: 20.778 Executing VM operation: RevokeBias done
Event: 20.778 Executing VM operation: RevokeBias
Event: 20.778 Executing VM operation: RevokeBias done
Event: 20.778 Executing VM operation: RevokeBias
Event: 20.778 Executing VM operation: RevokeBias done
Event: 20.778 Executing VM operation: RevokeBias
Event: 20.778 Executing VM operation: RevokeBias done
Event: 20.787 Thread 0x00007f2eb0001800 Thread added: 0x00007f2eb0001800
Event: 20.791 Protecting memory [0x00007f2ec3afa000,0x00007f2ec3afe000] with protection modes 0
Event: 23.841 Executing VM operation: RevokeBias
Event: 23.846 Executing VM operation: RevokeBias done
Event: 26.279 loading class java/net/SocketTimeoutException
Event: 26.285 loading class java/io/InterruptedIOException
Event: 26.287 loading class java/io/InterruptedIOException done
Event: 26.288 loading class java/net/SocketTimeoutException done
Event: 193.548 Executing VM operation: RevokeBias
Event: 193.569 Executing VM operation: RevokeBias done
Event: 202.723 Executing VM operation: GenCollectForAllocation
Event: 249.452 Executing VM operation: GenCollectForAllocation done


Dynamic libraries:
f0800000-f0d50000 rw-p 00000000 00:00 0 
f0d50000-f5aa0000 ---p 00000000 00:00 0 
f5aa0000-f6550000 rw-p 00000000 00:00 0 
f6550000-100000000 ---p 00000000 00:00 0 
800000000-800002000 rwxp 00001000 08:01 1181904                          /usr/lib/jvm/java-11-openjdk-amd64/lib/server/classes.jsa
800002000-8003b9000 rw-p 00003000 08:01 1181904                          /usr/lib/jvm/java-11-openjdk-amd64/lib/server/classes.jsa
8003b9000-800a81000 r--p 003ba000 08:01 1181904                          /usr/lib/jvm/java-11-openjdk-amd64/lib/server/classes.jsa
800a81000-800a82000 rw-p 00a82000 08:01 1181904                          /usr/lib/jvm/java-11-openjdk-amd64/lib/server/classes.jsa
800a82000-80108f000 r--p 00a83000 08:01 1181904                          /usr/lib/jvm/java-11-openjdk-amd64/lib/server/classes.jsa
840000000-8400a0000 rw-p 00000000 00:00 0 
8400a0000-880000000 ---p 00000000 00:00 0 
560ef1fbc000-560ef1fbd000 r-xp 00000000 08:01 661163                     /usr/lib/jvm/java-11-openjdk-amd64/bin/java
560ef21bd000-560ef21be000 r--p 00001000 08:01 661163                     /usr/lib/jvm/java-11-openjdk-amd64/bin/java
560ef21be000-560ef21bf000 rw-p 00002000 08:01 661163                     /usr/lib/jvm/java-11-openjdk-amd64/bin/java
560ef2cb6000-560ef2cd7000 rw-p 00000000 00:00 0                          [heap]
7f2ea8000000-7f2ea8021000 rw-p 00000000 00:00 0 
7f2ea8021000-7f2eac000000 ---p 00000000 00:00 0 
7f2eb0000000-7f2eb0021000 rw-p 00000000 00:00 0 
7f2eb0021000-7f2eb4000000 ---p 00000000 00:00 0 
7f2eb4000000-7f2eb4021000 rw-p 00000000 00:00 0 
7f2eb4021000-7f2eb8000000 ---p 00000000 00:00 0 
7f2eb8000000-7f2eb8021000 rw-p 00000000 00:00 0 
7f2eb8021000-7f2ebc000000 ---p 00000000 00:00 0 
7f2ebc000000-7f2ebc021000 rw-p 00000000 00:00 0 
7f2ebc021000-7f2ec0000000 ---p 00000000 00:00 0 
7f2ec39f9000-7f2ec39fd000 ---p 00000000 00:00 0 
7f2ec39fd000-7f2ec3afa000 rw-p 00000000 00:00 0 
7f2ec3afa000-7f2ec3afe000 ---p 00000000 00:00 0 
7f2ec3afe000-7f2ec3bfb000 rw-p 00000000 00:00 0 
7f2ec3bfb000-7f2ec3bff000 ---p 00000000 00:00 0 
7f2ec3bff000-7f2ec3cfc000 rw-p 00000000 00:00 0 
7f2ec3cfc000-7f2ec3cfe000 r-xp 00000000 08:01 1049876                    /usr/lib/jvm/java-11-openjdk-amd64/lib/libextnet.so
7f2ec3cfe000-7f2ec3efd000 ---p 00002000 08:01 1049876                    /usr/lib/jvm/java-11-openjdk-amd64/lib/libextnet.so
7f2ec3efd000-7f2ec3efe000 r--p 00001000 08:01 1049876                    /usr/lib/jvm/java-11-openjdk-amd64/lib/libextnet.so
7f2ec3efe000-7f2ec3eff000 rw-p 00002000 08:01 1049876                    /usr/lib/jvm/java-11-openjdk-amd64/lib/libextnet.so
7f2ec3eff000-7f2ec3f03000 ---p 00000000 00:00 0 
7f2ec3f03000-7f2ec4000000 rw-p 00000000 00:00 0 
7f2ec4000000-7f2ec4021000 rw-p 00000000 00:00 0 
7f2ec4021000-7f2ec8000000 ---p 00000000 00:00 0 
7f2ec8000000-7f2ec8021000 rw-p 00000000 00:00 0 
7f2ec8021000-7f2ecc000000 ---p 00000000 00:00 0 
7f2ecc000000-7f2ecc297000 rw-p 00000000 00:00 0 
7f2ecc297000-7f2ed0000000 ---p 00000000 00:00 0 
7f2ed0000000-7f2ed0021000 rw-p 00000000 00:00 0 
7f2ed0021000-7f2ed4000000 ---p 00000000 00:00 0 
7f2ed4000000-7f2ed4021000 rw-p 00000000 00:00 0 
7f2ed4021000-7f2ed8000000 ---p 00000000 00:00 0 
7f2ed8000000-7f2ed8221000 rw-p 00000000 00:00 0 
7f2ed8221000-7f2edc000000 ---p 00000000 00:00 0 
7f2edc000000-7f2edc021000 rw-p 00000000 00:00 0 
7f2edc021000-7f2ee0000000 ---p 00000000 00:00 0 
7f2ee0000000-7f2ee0021000 rw-p 00000000 00:00 0 
7f2ee0021000-7f2ee4000000 ---p 00000000 00:00 0 
7f2ee4000000-7f2ee4021000 rw-p 00000000 00:00 0 
7f2ee4021000-7f2ee8000000 ---p 00000000 00:00 0 
7f2ee80d5000-7f2ee80eb000 r-xp 00000000 08:01 1050087                    /usr/lib/jvm/java-11-openjdk-amd64/lib/libnet.so
7f2ee80eb000-7f2ee82ea000 ---p 00016000 08:01 1050087                    /usr/lib/jvm/java-11-openjdk-amd64/lib/libnet.so
7f2ee82ea000-7f2ee82eb000 r--p 00015000 08:01 1050087                    /usr/lib/jvm/java-11-openjdk-amd64/lib/libnet.so
7f2ee82eb000-7f2ee82ec000 rw-p 00016000 08:01 1050087                    /usr/lib/jvm/java-11-openjdk-amd64/lib/libnet.so
7f2ee82ec000-7f2ee82fc000 r-xp 00000000 08:01 1050098                    /usr/lib/jvm/java-11-openjdk-amd64/lib/libnio.so
7f2ee82fc000-7f2ee84fb000 ---p 00010000 08:01 1050098                    /usr/lib/jvm/java-11-openjdk-amd64/lib/libnio.so
7f2ee84fb000-7f2ee84fc000 r--p 0000f000 08:01 1050098                    /usr/lib/jvm/java-11-openjdk-amd64/lib/libnio.so
7f2ee84fc000-7f2ee84fd000 rw-p 00010000 08:01 1050098                    /usr/lib/jvm/java-11-openjdk-amd64/lib/libnio.so
7f2ee84fd000-7f2ee8501000 ---p 00000000 00:00 0 
7f2ee8501000-7f2ee85fe000 rw-p 00000000 00:00 0 
7f2ee85fe000-7f2ee85ff000 ---p 00000000 00:00 0 
7f2ee85ff000-7f2ee8700000 rw-p 00000000 00:00 0 
7f2ee8700000-7f2ee8704000 ---p 00000000 00:00 0 
7f2ee8704000-7f2ee8801000 rw-p 00000000 00:00 0 
7f2ee8801000-7f2ee8805000 ---p 00000000 00:00 0 
7f2ee8805000-7f2ee8902000 rw-p 00000000 00:00 0 
7f2ee8902000-7f2ee8b72000 rwxp 00000000 00:00 0 
7f2ee8b72000-7f2ee8e91000 ---p 00000000 00:00 0 
7f2ee8e91000-7f2ee9101000 rwxp 00000000 00:00 0 
7f2ee9101000-7f2ef03c9000 ---p 00000000 00:00 0 
7f2ef03c9000-7f2ef0639000 rwxp 00000000 00:00 0 
7f2ef0639000-7f2ef7902000 ---p 00000000 00:00 0 
7f2ef7902000-7f2f00000000 r--s 00000000 08:01 1050240                    /usr/lib/jvm/java-11-openjdk-amd64/lib/modules
7f2f00000000-7f2f001c2000 rw-p 00000000 00:00 0 
7f2f001c2000-7f2f04000000 ---p 00000000 00:00 0 
7f2f04022000-7f2f04026000 ---p 00000000 00:00 0 
7f2f04026000-7f2f04123000 rw-p 00000000 00:00 0 
7f2f04123000-7f2f04127000 ---p 00000000 00:00 0 
7f2f04127000-7f2f04224000 rw-p 00000000 00:00 0 
7f2f04224000-7f2f04228000 ---p 00000000 00:00 0 
7f2f04228000-7f2f04325000 rw-p 00000000 00:00 0 
7f2f04325000-7f2f04655000 r--p 00000000 08:01 2360321                    /usr/lib/locale/locale-archive
7f2f04655000-7f2f04659000 ---p 00000000 00:00 0 
7f2f04659000-7f2f04756000 rw-p 00000000 00:00 0 
7f2f04756000-7f2f0475a000 ---p 00000000 00:00 0 
7f2f0475a000-7f2f04857000 rw-p 00000000 00:00 0 
7f2f04857000-7f2f04858000 ---p 00000000 00:00 0 
7f2f04858000-7f2f04e75000 rw-p 00000000 00:00 0 
7f2f04eb5000-7f2f05235000 ---p 00000000 00:00 0 
7f2f05235000-7f2f0523a000 rw-p 00000000 00:00 0 
7f2f0523a000-7f2f05320000 ---p 00000000 00:00 0 
7f2f05320000-7f2f05325000 rw-p 00000000 00:00 0 
7f2f05325000-7f2f0540b000 ---p 00000000 00:00 0 
7f2f0540b000-7f2f05412000 r-xp 00000000 08:01 1050223                    /usr/lib/jvm/java-11-openjdk-amd64/lib/libzip.so
7f2f05412000-7f2f05611000 ---p 00007000 08:01 1050223                    /usr/lib/jvm/java-11-openjdk-amd64/lib/libzip.so
7f2f05611000-7f2f05612000 r--p 00006000 08:01 1050223                    /usr/lib/jvm/java-11-openjdk-amd64/lib/libzip.so
7f2f05612000-7f2f05613000 rw-p 00007000 08:01 1050223                    /usr/lib/jvm/java-11-openjdk-amd64/lib/libzip.so
7f2f05613000-7f2f0561e000 r-xp 00000000 08:01 1835055                    /lib/x86_64-linux-gnu/libnss_files-2.27.so
7f2f0561e000-7f2f0581d000 ---p 0000b000 08:01 1835055                    /lib/x86_64-linux-gnu/libnss_files-2.27.so
7f2f0581d000-7f2f0581e000 r--p 0000a000 08:01 1835055                    /lib/x86_64-linux-gnu/libnss_files-2.27.so
7f2f0581e000-7f2f0581f000 rw-p 0000b000 08:01 1835055                    /lib/x86_64-linux-gnu/libnss_files-2.27.so
7f2f0581f000-7f2f05825000 rw-p 00000000 00:00 0 
7f2f05825000-7f2f0583c000 r-xp 00000000 08:01 1835052                    /lib/x86_64-linux-gnu/libnsl-2.27.so
7f2f0583c000-7f2f05a3b000 ---p 00017000 08:01 1835052                    /lib/x86_64-linux-gnu/libnsl-2.27.so
7f2f05a3b000-7f2f05a3c000 r--p 00016000 08:01 1835052                    /lib/x86_64-linux-gnu/libnsl-2.27.so
7f2f05a3c000-7f2f05a3d000 rw-p 00017000 08:01 1835052                    /lib/x86_64-linux-gnu/libnsl-2.27.so
7f2f05a3d000-7f2f05a3f000 rw-p 00000000 00:00 0 
7f2f05a3f000-7f2f05a4a000 r-xp 00000000 08:01 1835057                    /lib/x86_64-linux-gnu/libnss_nis-2.27.so
7f2f05a4a000-7f2f05c49000 ---p 0000b000 08:01 1835057                    /lib/x86_64-linux-gnu/libnss_nis-2.27.so
7f2f05c49000-7f2f05c4a000 r--p 0000a000 08:01 1835057                    /lib/x86_64-linux-gnu/libnss_nis-2.27.so
7f2f05c4a000-7f2f05c4b000 rw-p 0000b000 08:01 1835057                    /lib/x86_64-linux-gnu/libnss_nis-2.27.so
7f2f05c4b000-7f2f05c53000 r-xp 00000000 08:01 1835053                    /lib/x86_64-linux-gnu/libnss_compat-2.27.so
7f2f05c53000-7f2f05e53000 ---p 00008000 08:01 1835053                    /lib/x86_64-linux-gnu/libnss_compat-2.27.so
7f2f05e53000-7f2f05e54000 r--p 00008000 08:01 1835053                    /lib/x86_64-linux-gnu/libnss_compat-2.27.so
7f2f05e54000-7f2f05e55000 rw-p 00009000 08:01 1835053                    /lib/x86_64-linux-gnu/libnss_compat-2.27.so
7f2f05e55000-7f2f05e5a000 r-xp 00000000 08:01 1049932                    /usr/lib/jvm/java-11-openjdk-amd64/lib/libjimage.so
7f2f05e5a000-7f2f06059000 ---p 00005000 08:01 1049932                    /usr/lib/jvm/java-11-openjdk-amd64/lib/libjimage.so
7f2f06059000-7f2f0605a000 r--p 00004000 08:01 1049932                    /usr/lib/jvm/java-11-openjdk-amd64/lib/libjimage.so
7f2f0605a000-7f2f0605b000 rw-p 00005000 08:01 1049932                    /usr/lib/jvm/java-11-openjdk-amd64/lib/libjimage.so
7f2f0605b000-7f2f06084000 r-xp 00000000 08:01 1049899                    /usr/lib/jvm/java-11-openjdk-amd64/lib/libjava.so
7f2f06084000-7f2f06284000 ---p 00029000 08:01 1049899                    /usr/lib/jvm/java-11-openjdk-amd64/lib/libjava.so
7f2f06284000-7f2f06285000 r--p 00029000 08:01 1049899                    /usr/lib/jvm/java-11-openjdk-amd64/lib/libjava.so
7f2f06285000-7f2f06286000 rw-p 0002a000 08:01 1049899                    /usr/lib/jvm/java-11-openjdk-amd64/lib/libjava.so
7f2f06286000-7f2f06287000 rw-p 00000000 00:00 0 
7f2f06287000-7f2f06294000 r-xp 00000000 08:01 1050221                    /usr/lib/jvm/java-11-openjdk-amd64/lib/libverify.so
7f2f06294000-7f2f06493000 ---p 0000d000 08:01 1050221                    /usr/lib/jvm/java-11-openjdk-amd64/lib/libverify.so
7f2f06493000-7f2f06495000 r--p 0000c000 08:01 1050221                    /usr/lib/jvm/java-11-openjdk-amd64/lib/libverify.so
7f2f06495000-7f2f06496000 rw-p 0000e000 08:01 1050221                    /usr/lib/jvm/java-11-openjdk-amd64/lib/libverify.so
7f2f06496000-7f2f0649d000 r-xp 00000000 08:01 1840227                    /lib/x86_64-linux-gnu/librt-2.27.so
7f2f0649d000-7f2f0669c000 ---p 00007000 08:01 1840227                    /lib/x86_64-linux-gnu/librt-2.27.so
7f2f0669c000-7f2f0669d000 r--p 00006000 08:01 1840227                    /lib/x86_64-linux-gnu/librt-2.27.so
7f2f0669d000-7f2f0669e000 rw-p 00007000 08:01 1840227                    /lib/x86_64-linux-gnu/librt-2.27.so
7f2f0669e000-7f2f066b5000 r-xp 00000000 08:01 1835013                    /lib/x86_64-linux-gnu/libgcc_s.so.1
7f2f066b5000-7f2f068b4000 ---p 00017000 08:01 1835013                    /lib/x86_64-linux-gnu/libgcc_s.so.1
7f2f068b4000-7f2f068b5000 r--p 00016000 08:01 1835013                    /lib/x86_64-linux-gnu/libgcc_s.so.1
7f2f068b5000-7f2f068b6000 rw-p 00017000 08:01 1835013                    /lib/x86_64-linux-gnu/libgcc_s.so.1
7f2f068b6000-7f2f06a53000 r-xp 00000000 08:01 1835049                    /lib/x86_64-linux-gnu/libm-2.27.so
7f2f06a53000-7f2f06c52000 ---p 0019d000 08:01 1835049                    /lib/x86_64-linux-gnu/libm-2.27.so
7f2f06c52000-7f2f06c53000 r--p 0019c000 08:01 1835049                    /lib/x86_64-linux-gnu/libm-2.27.so
7f2f06c53000-7f2f06c54000 rw-p 0019d000 08:01 1835049                    /lib/x86_64-linux-gnu/libm-2.27.so
7f2f06c54000-7f2f06dcd000 r-xp 00000000 08:01 2360550                    /usr/lib/x86_64-linux-gnu/libstdc++.so.6.0.25
7f2f06dcd000-7f2f06fcd000 ---p 00179000 08:01 2360550                    /usr/lib/x86_64-linux-gnu/libstdc++.so.6.0.25
7f2f06fcd000-7f2f06fd7000 r--p 00179000 08:01 2360550                    /usr/lib/x86_64-linux-gnu/libstdc++.so.6.0.25
7f2f06fd7000-7f2f06fd9000 rw-p 00183000 08:01 2360550                    /usr/lib/x86_64-linux-gnu/libstdc++.so.6.0.25
7f2f06fd9000-7f2f06fdd000 rw-p 00000000 00:00 0 
7f2f06fdd000-7f2f080bb000 r-xp 00000000 08:01 1181144                    /usr/lib/jvm/java-11-openjdk-amd64/lib/server/libjvm.so
7f2f080bb000-7f2f082ba000 ---p 010de000 08:01 1181144                    /usr/lib/jvm/java-11-openjdk-amd64/lib/server/libjvm.so
7f2f082ba000-7f2f08377000 r--p 010dd000 08:01 1181144                    /usr/lib/jvm/java-11-openjdk-amd64/lib/server/libjvm.so
7f2f08377000-7f2f083b0000 rw-p 0119a000 08:01 1181144                    /usr/lib/jvm/java-11-openjdk-amd64/lib/server/libjvm.so
7f2f083b0000-7f2f08407000 rw-p 00000000 00:00 0 
7f2f08407000-7f2f08421000 r-xp 00000000 08:01 1840183                    /lib/x86_64-linux-gnu/libpthread-2.27.so
7f2f08421000-7f2f08620000 ---p 0001a000 08:01 1840183                    /lib/x86_64-linux-gnu/libpthread-2.27.so
7f2f08620000-7f2f08621000 r--p 00019000 08:01 1840183                    /lib/x86_64-linux-gnu/libpthread-2.27.so
7f2f08621000-7f2f08622000 rw-p 0001a000 08:01 1840183                    /lib/x86_64-linux-gnu/libpthread-2.27.so
7f2f08622000-7f2f08626000 rw-p 00000000 00:00 0 
7f2f08626000-7f2f08629000 r-xp 00000000 08:01 1835048                    /lib/x86_64-linux-gnu/libdl-2.27.so
7f2f08629000-7f2f08828000 ---p 00003000 08:01 1835048                    /lib/x86_64-linux-gnu/libdl-2.27.so
7f2f08828000-7f2f08829000 r--p 00002000 08:01 1835048                    /lib/x86_64-linux-gnu/libdl-2.27.so
7f2f08829000-7f2f0882a000 rw-p 00003000 08:01 1835048                    /lib/x86_64-linux-gnu/libdl-2.27.so
7f2f0882a000-7f2f08846000 r-xp 00000000 08:01 1840663                    /lib/x86_64-linux-gnu/libz.so.1.2.11
7f2f08846000-7f2f08a45000 ---p 0001c000 08:01 1840663                    /lib/x86_64-linux-gnu/libz.so.1.2.11
7f2f08a45000-7f2f08a46000 r--p 0001b000 08:01 1840663                    /lib/x86_64-linux-gnu/libz.so.1.2.11
7f2f08a46000-7f2f08a47000 rw-p 0001c000 08:01 1840663                    /lib/x86_64-linux-gnu/libz.so.1.2.11
7f2f08a47000-7f2f08c2e000 r-xp 00000000 08:01 1835045                    /lib/x86_64-linux-gnu/libc-2.27.so
7f2f08c2e000-7f2f08e2e000 ---p 001e7000 08:01 1835045                    /lib/x86_64-linux-gnu/libc-2.27.so
7f2f08e2e000-7f2f08e32000 r--p 001e7000 08:01 1835045                    /lib/x86_64-linux-gnu/libc-2.27.so
7f2f08e32000-7f2f08e34000 rw-p 001eb000 08:01 1835045                    /lib/x86_64-linux-gnu/libc-2.27.so
7f2f08e34000-7f2f08e38000 rw-p 00000000 00:00 0 
7f2f08e38000-7f2f08e48000 r-xp 00000000 08:01 1049770                    /usr/lib/jvm/java-11-openjdk-amd64/lib/jli/libjli.so
7f2f08e48000-7f2f09047000 ---p 00010000 08:01 1049770                    /usr/lib/jvm/java-11-openjdk-amd64/lib/jli/libjli.so
7f2f09047000-7f2f09048000 r--p 0000f000 08:01 1049770                    /usr/lib/jvm/java-11-openjdk-amd64/lib/jli/libjli.so
7f2f09048000-7f2f09049000 rw-p 00010000 08:01 1049770                    /usr/lib/jvm/java-11-openjdk-amd64/lib/jli/libjli.so
7f2f09049000-7f2f09070000 r-xp 00000000 08:01 1835021                    /lib/x86_64-linux-gnu/ld-2.27.so
7f2f0907b000-7f2f09081000 rw-p 00000000 00:00 0 
7f2f09081000-7f2f090ce000 ---p 00000000 00:00 0 
7f2f090ce000-7f2f090d1000 rw-p 00000000 00:00 0 
7f2f090d1000-7f2f090f7000 ---p 00000000 00:00 0 
7f2f090f7000-7f2f090fd000 rw-p 00000000 00:00 0 
7f2f090fd000-7f2f0914a000 ---p 00000000 00:00 0 
7f2f0914a000-7f2f09150000 rw-p 00000000 00:00 0 
7f2f09150000-7f2f09157000 ---p 00000000 00:00 0 
7f2f09157000-7f2f0915b000 ---p 00000000 00:00 0 
7f2f0915b000-7f2f0925a000 rw-p 00000000 00:00 0 
7f2f09262000-7f2f09264000 r--s 00007000 08:01 2628883                    /usr/share/java/java-atk-wrapper.jar
7f2f09264000-7f2f0926c000 rw-s 00000000 08:01 2633163                    /tmp/hsperfdata_dcl/10989
7f2f0926c000-7f2f0926d000 ---p 00000000 00:00 0 
7f2f0926d000-7f2f0926e000 r--p 00000000 00:00 0 
7f2f0926e000-7f2f09270000 rw-p 00000000 00:00 0 
7f2f09270000-7f2f09271000 r--p 00027000 08:01 1835021                    /lib/x86_64-linux-gnu/ld-2.27.so
7f2f09271000-7f2f09272000 rw-p 00028000 08:01 1835021                    /lib/x86_64-linux-gnu/ld-2.27.so
7f2f09272000-7f2f09273000 rw-p 00000000 00:00 0 
7ffd6cef2000-7ffd6cf13000 rw-p 00000000 00:00 0                          [stack]
7ffd6cfdc000-7ffd6cfdf000 r--p 00000000 00:00 0                          [vvar]
7ffd6cfdf000-7ffd6cfe1000 r-xp 00000000 00:00 0                          [vdso]
ffffffffff600000-ffffffffff601000 r-xp 00000000 00:00 0                  [vsyscall]


VM Arguments:
java_command: /media/dcl/project1/321364/bin/da_proc.jar --id 24 --hosts ../logs/hosts --output /media/dcl/project1/logs/proc24.output ../logs/config
java_class_path (initial): /media/dcl/project1/321364/bin/da_proc.jar
Launcher Type: SUN_STANDARD

[Global flags]
     intx CICompilerCount                          = 2                                         {product} {ergonomic}
   size_t InitialHeapSize                          = 16777216                                  {product} {ergonomic}
   size_t MaxHeapSize                              = 260046848                                 {product} {ergonomic}
   size_t MaxNewSize                               = 86638592                                  {product} {ergonomic}
   size_t MinHeapDeltaBytes                        = 196608                                    {product} {ergonomic}
   size_t NewSize                                  = 5570560                                   {product} {ergonomic}
    uintx NonNMethodCodeHeapSize                   = 5825164                                {pd product} {ergonomic}
    uintx NonProfiledCodeHeapSize                  = 122916538                              {pd product} {ergonomic}
   size_t OldSize                                  = 11206656                                  {product} {ergonomic}
    uintx ProfiledCodeHeapSize                     = 122916538                              {pd product} {ergonomic}
    uintx ReservedCodeCacheSize                    = 251658240                              {pd product} {ergonomic}
     bool SegmentedCodeCache                       = true                                      {product} {ergonomic}
     bool UseCompressedClassPointers               = true                                 {lp64_product} {ergonomic}
     bool UseCompressedOops                        = true                                 {lp64_product} {ergonomic}
     bool UseSerialGC                              = true                                      {product} {ergonomic}

Logging:
Log output configuration:
 #0: stdout all=warning uptime,level,tags
 #1: stderr all=off uptime,level,tags

Environment Variables:
PATH=/usr/local/sbin:/usr/local/bin:/usr/sbin:/usr/bin:/sbin:/bin:/usr/games:/usr/local/games:/snap/bin
SHELL=/bin/bash
DISPLAY=:0.0
LANG=en_US.UTF-8

Signal Handlers:
SIGSEGV: [libjvm.so+0xdf9610], sa_mask[0]=11111111011111111101111111111110, sa_flags=SA_RESTART|SA_SIGINFO
SIGBUS: [libjvm.so+0xdf9610], sa_mask[0]=11111111011111111101111111111110, sa_flags=SA_RESTART|SA_SIGINFO
SIGFPE: [libjvm.so+0xdf9610], sa_mask[0]=11111111011111111101111111111110, sa_flags=SA_RESTART|SA_SIGINFO
SIGPIPE: [libjvm.so+0xbcc360], sa_mask[0]=11111111011111111101111111111110, sa_flags=SA_RESTART|SA_SIGINFO
SIGXFSZ: [libjvm.so+0xbcc360], sa_mask[0]=11111111011111111101111111111110, sa_flags=SA_RESTART|SA_SIGINFO
SIGILL: [libjvm.so+0xdf9610], sa_mask[0]=11111111011111111101111111111110, sa_flags=SA_RESTART|SA_SIGINFO
SIGUSR2: [libjvm.so+0xbcc200], sa_mask[0]=00000000000000000000000000000000, sa_flags=SA_RESTART|SA_SIGINFO
SIGHUP: [libjvm.so+0xbcc560], sa_mask[0]=11111111011111111101111111111110, sa_flags=SA_RESTART|SA_SIGINFO
SIGINT: [libjvm.so+0xbcc560], sa_mask[0]=11111111011111111101111111111110, sa_flags=SA_RESTART|SA_SIGINFO
SIGTERM: [libjvm.so+0xbcc560], sa_mask[0]=11111111011111111101111111111110, sa_flags=SA_RESTART|SA_SIGINFO
SIGQUIT: [libjvm.so+0xbcc560], sa_mask[0]=11111111011111111101111111111110, sa_flags=SA_RESTART|SA_SIGINFO


---------------  S Y S T E M  ---------------

OS:DISTRIB_ID=Ubuntu
DISTRIB_RELEASE=18.04
DISTRIB_CODENAME=bionic
DISTRIB_DESCRIPTION="Ubuntu 18.04.5 LTS"
uname:Linux 4.15.0-117-generic #118-Ubuntu SMP Fri Sep 4 20:02:41 UTC 2020 x86_64
OS uptime: 0 days 3:33 hours
libc:glibc 2.27 NPTL 2.27 
rlimit (soft/hard): STACK 8192k/infinity , CORE 0k/infinity , NPROC 3764/3764 , NOFILE 1048576/1048576 , AS infinity/infinity , CPU infinity/infinity , DATA infinity/infinity , FSIZE infinity/infinity , MEMLOCK 16384k/16384k
load average:354.69 193.18 105.59

/proc/meminfo:
MemTotal:        1008600 kB
MemFree:           49156 kB
MemAvailable:      23692 kB
Buffers:            4640 kB
Cached:            67648 kB
SwapCached:        18604 kB
Active:           379184 kB
Inactive:         373344 kB
Active(anon):     340104 kB
Inactive(anon):   340652 kB
Active(file):      39080 kB
Inactive(file):    32692 kB
Unevictable:          32 kB
Mlocked:              32 kB
SwapTotal:       2097148 kB
SwapFree:          21512 kB
Dirty:               836 kB
Writeback:          1384 kB
AnonPages:        678620 kB
Mapped:            55348 kB
Shmem:               644 kB
Slab:              61560 kB
SReclaimable:      19832 kB
SUnreclaim:        41728 kB
KernelStack:       37152 kB
PageTables:        50708 kB
NFS_Unstable:          0 kB
Bounce:                0 kB
WritebackTmp:          0 kB
CommitLimit:     2601448 kB
Committed_AS:    7443884 kB
VmallocTotal:   34359738367 kB
VmallocUsed:           0 kB
VmallocChunk:          0 kB
HardwareCorrupted:     0 kB
AnonHugePages:         0 kB
ShmemHugePages:        0 kB
ShmemPmdMapped:        0 kB
CmaTotal:              0 kB
CmaFree:               0 kB
HugePages_Total:       0
HugePages_Free:        0
HugePages_Rsvd:        0
HugePages_Surp:        0
Hugepagesize:       2048 kB
DirectMap4k:      118720 kB
DirectMap2M:      929792 kB

/sys/kernel/mm/transparent_hugepage/enabled:
always [madvise] never

/sys/kernel/mm/transparent_hugepage/defrag (defrag/compaction efforts parameter):
always defer defer+madvise [madvise] never


/proc/sys/kernel/threads-max (system-wide limit on the number of threads):
7528


/proc/sys/vm/max_map_count (maximum number of memory map areas a process may have):
65530


/proc/sys/kernel/pid_max (system-wide limit on number of process identifiers):
32768



container (cgroup) information:
container_type: cgroupv1
cpu_cpuset_cpus: 0-1
cpu_memory_nodes: 0
active_processor_count: 2
cpu_quota: -1
cpu_period: 100000
cpu_shares: -1
memory_limit_in_bytes: -1
memory_and_swap_limit_in_bytes: -2
memory_soft_limit_in_bytes: -1
memory_usage_in_bytes: 784306176
memory_max_usage_in_bytes: 115101696

KVM virtualization detected
Steal ticks since vm start: 0
Steal ticks percentage since vm start:  0.000

CPU:total 2 (initial active 2) (2 cores per cpu, 1 threads per core) family 6 model 158 stepping 10, cmov, cx8, fxsr, mmx, sse, sse2, sse3, ssse3, sse4.1, sse4.2, popcnt, avx, avx2, aes, clmul, 3dnowpref, lzcnt, tsc, tscinvbit
CPU Model and flags from /proc/cpuinfo:
model name	: Intel(R) Core(TM) i7-8750H CPU @ 2.20GHz
flags		: fpu vme de pse tsc msr pae mce cx8 apic sep mtrr pge mca cmov pat pse36 clflush mmx fxsr sse sse2 ht syscall nx rdtscp lm constant_tsc rep_good nopl xtopology nonstop_tsc cpuid tsc_known_freq pni pclmulqdq ssse3 cx16 pcid sse4_1 sse4_2 x2apic movbe popcnt aes xsave avx rdrand hypervisor lahf_lm abm 3dnowprefetch invpcid_single pti fsgsbase avx2 invpcid rdseed clflushopt md_clear flush_l1d

Memory: 4k page, physical 1008600k(50104k free), swap 2097148k(20568k free)

vm_info: OpenJDK 64-Bit Server VM (11.0.8+10-post-Ubuntu-0ubuntu118.04.1) for linux-amd64 JRE (11.0.8+10-post-Ubuntu-0ubuntu118.04.1), built on Jul 15 2020 20:45:24 by "unknown" with gcc 7.5.0

END.
